\BOOKMARK [0][-]{chapter*.1}{\376\377\000S\000t\000r\000e\000s\000z\000c\000z\000e\000n\000i\000e}{}% 1
\BOOKMARK [0][-]{chapter*.3}{\376\377\000W\000s\000t\001\031\000p}{}% 2
\BOOKMARK [0][-]{chapter.1}{\376\377\000P\000r\000z\000e\000g\000l\001\005\000d\000\040\000i\000s\000t\000n\000i\000e\000j\001\005\000c\000y\000c\000h\000\040\000r\000o\000z\000w\000i\001\005\000z\000a\001\104}{}% 3
\BOOKMARK [1][-]{section.1.1}{\376\377\000M\000a\000g\000i\000c\000a\000V\000o\000x\000e\000l}{chapter.1}% 4
\BOOKMARK [1][-]{section.1.2}{\376\377\000M\000e\000g\000a\000\040\000V\000o\000x\000e\000l\000s\000\040\000P\000l\000a\000y}{chapter.1}% 5
\BOOKMARK [1][-]{section.1.3}{\376\377\000Q\000u\000b\000i\000c\000l\000e}{chapter.1}% 6
\BOOKMARK [1][-]{section.1.4}{\376\377\000G\000o\000x\000e\000l}{chapter.1}% 7
\BOOKMARK [1][-]{section.1.5}{\376\377\000V\000o\000x\000E\000d\000i\000t\000\040\000B\000e\000t\000a}{chapter.1}% 8
\BOOKMARK [0][-]{chapter.2}{\376\377\000P\000r\000o\000j\000e\000k\000t\000\040\000s\000y\000s\000t\000e\000m\000u}{}% 9
\BOOKMARK [1][-]{section.2.1}{\376\377\000W}{chapter.2}% 10
\BOOKMARK [1][-]{section.2.2}{\376\377\000W\000y\000m\000a\000g\000a\000n\000i\000a\000\040\000f\000u\000n\000k\000c\000j\000o\000n\000a\000l\000n\000e}{chapter.2}% 11
\BOOKMARK [1][-]{section.2.3}{\376\377\000W\000y\000m\000a\000g\000a\000n\000i\000a\000\040\000n\000i\000e\000f\000u\000n\000k\000c\000j\000o\000n\000a\000l\000n\000e}{chapter.2}% 12
\BOOKMARK [1][-]{section.2.4}{\376\377\000I\000n\000t\000e\000r\000f\000e\000j\000s\000\040\000g\000r\000a\000f\000i\000c\000z\000n\000y}{chapter.2}% 13
\BOOKMARK [1][-]{section.2.5}{\376\377\000D\000i\000a\000g\000r\000a\000m\000\040\000p\000r\000z\000y\000p\000a\000d\000k\000\363\000w\000\040\000u\001\174\000y\000c\000i\000a\000\040\000i\000\040\000o\000p\000i\000s\000y}{chapter.2}% 14
\BOOKMARK [0][-]{chapter.3}{\376\377\000R\000e\000a\000l\000i\000z\000a\000c\000j\000a}{}% 15
\BOOKMARK [0][-]{chapter.4}{\376\377\000R\000o\000z\000d\000z\000i\000a\001\102\000\040\0004}{}% 16
\BOOKMARK [0][-]{chapter.5}{\376\377\000R\000o\000z\000d\000z\000i\000a\001\102\000\040\0005}{}% 17
\BOOKMARK [0][-]{chapter.6}{\376\377\000R\000o\000z\000d\000z\000i\000a\001\102\000\040\0006}{}% 18
\BOOKMARK [0][-]{chapter*.14}{\376\377\000P\000o\000d\000s\000u\000m\000o\000w\000a\000n\000i\000e}{}% 19
\BOOKMARK [0][-]{chapter*.15}{\376\377\000B\000i\000b\000l\000i\000o\000g\000r\000a\000f\000i\000a}{}% 20
\BOOKMARK [0][-]{chapter*.16}{\376\377\000S\000p\000i\000s\000\040\000t\000a\000b\000e\000l}{}% 21
\BOOKMARK [0][-]{chapter*.17}{\376\377\000S\000p\000i\000s\000\040\000r\000y\000s\000u\000n\000k\000\363\000w}{}% 22
\BOOKMARK [0][-]{chapter*.18}{\376\377\000S\000p\000i\000s\000\040\000l\000i\000s\000t\000i\000n\000g\000\363\000w}{}% 23
\BOOKMARK [0][-]{chapter*.19}{\376\377\000S\000p\000i\000s\000\040\000a\000l\000g\000o\000r\000y\000t\000m\000\363\000w}{}% 24
